[2025-Aug-31 12:01:56.394 -07:00][ 7707: 7707][info ] Logging initialized
[2025-Aug-31 12:01:56.394 -07:00][ 7707: 7707][info ] Initializing krisp SDK...
[2025-Aug-31 12:01:56.394 -07:00][ 7707: 7707][info ] DoKrispInitialize
[2025-Aug-31 12:01:57.776 -07:00][ 7707: 7707][info ] LoadDynamicKrisp
[2025-Aug-31 12:01:57.776 -07:00][ 7707: 7707][info ] Did not find KRISP_DYLIB_PATH, skipping dynamic loading
[2025-Aug-31 12:01:57.776 -07:00][ 7707: 7707][info ] Initializing Krisp SDK in PID 7707, addr 0x7f0a44f248d0
[2025-Aug-31 12:01:57.777 -07:00][ 7707: 7707][info ] Initialized Krisp SDK successfully
[2025-Aug-31 12:01:57.777 -07:00][ 7707: 7707][info ] Krisp SDK initialized
[2025-Aug-31 12:02:18.719 -07:00][ 8000: 8000][info ] Logging initialized
[2025-Aug-31 12:02:18.719 -07:00][ 8000: 8000][info ] Initializing krisp SDK...
[2025-Aug-31 12:02:18.719 -07:00][ 8000: 8000][info ] DoKrispInitialize
[2025-Aug-31 12:02:18.719 -07:00][ 8000: 8000][warning] Application not signed by Discord, Krisp is not enabled
[2025-Aug-31 12:02:18.719 -07:00][ 8000: 8000][warning] Failed to setup Krisp module, error code: -3
[2025-Aug-31 12:02:18.720 -07:00][ 8000: 8000][info ] Krisp SDK initialized
[2025-Aug-31 13:01:45.655 -07:00][167132:167132][info ] Logging initialized
[2025-Aug-31 13:01:45.655 -07:00][167132:167132][info ] Initializing krisp SDK...
[2025-Aug-31 13:01:45.655 -07:00][167132:167132][info ] DoKrispInitialize
[2025-Aug-31 13:01:46.221 -07:00][167132:167132][info ] LoadDynamicKrisp
[2025-Aug-31 13:01:46.221 -07:00][167132:167132][info ] Did not find KRISP_DYLIB_PATH, skipping dynamic loading
[2025-Aug-31 13:01:46.221 -07:00][167132:167132][info ] Initializing Krisp SDK in PID 167132, addr 0x7f96615248d0
[2025-Aug-31 13:01:46.222 -07:00][167132:167132][info ] Initialized Krisp SDK successfully
[2025-Aug-31 13:01:46.222 -07:00][167132:167132][info ] Krisp SDK initialized
[2025-Aug-31 13:28:29.793 -07:00][203445:203445][info ] Logging initialized
[2025-Aug-31 13:28:29.793 -07:00][203445:203445][info ] Initializing krisp SDK...
[2025-Aug-31 13:28:29.793 -07:00][203445:203445][info ] DoKrispInitialize
[2025-Aug-31 13:28:30.370 -07:00][203445:203445][info ] LoadDynamicKrisp
[2025-Aug-31 13:28:30.370 -07:00][203445:203445][info ] Did not find KRISP_DYLIB_PATH, skipping dynamic loading
[2025-Aug-31 13:28:30.370 -07:00][203445:203445][info ] Initializing Krisp SDK in PID 203445, addr 0x7f93081248d0
[2025-Aug-31 13:28:30.371 -07:00][203445:203445][info ] Initialized Krisp SDK successfully
[2025-Aug-31 13:28:30.371 -07:00][203445:203445][info ] Krisp SDK initialized
[2025-Aug-31 13:30:03.606 -07:00][204077:204077][info ] Logging initialized
[2025-Aug-31 13:30:03.610 -07:00][204077:204077][info ] Initializing krisp SDK...
[2025-Aug-31 13:30:03.610 -07:00][204077:204077][info ] DoKrispInitialize
[2025-Aug-31 13:30:04.435 -07:00][204077:204077][info ] LoadDynamicKrisp
[2025-Aug-31 13:30:04.435 -07:00][204077:204077][info ] Did not find KRISP_DYLIB_PATH, skipping dynamic loading
[2025-Aug-31 13:30:04.435 -07:00][204077:204077][info ] Initializing Krisp SDK in PID 204077, addr 0x7f312e9248d0
[2025-Aug-31 13:30:04.435 -07:00][204077:204077][info ] Initialized Krisp SDK successfully
[2025-Aug-31 13:30:04.435 -07:00][204077:204077][info ] Krisp SDK initialized
[2025-Aug-31 13:52:26.696 -07:00][223493:223493][info ] Logging initialized
[2025-Aug-31 13:52:26.696 -07:00][223493:223493][info ] Initializing krisp SDK...
[2025-Aug-31 13:52:26.696 -07:00][223493:223493][info ] DoKrispInitialize
[2025-Aug-31 13:52:27.174 -07:00][223493:223493][info ] LoadDynamicKrisp
[2025-Aug-31 13:52:27.174 -07:00][223493:223493][info ] Did not find KRISP_DYLIB_PATH, skipping dynamic loading
[2025-Aug-31 13:52:27.174 -07:00][223493:223493][info ] Initializing Krisp SDK in PID 223493, addr 0x7f7d8b3248d0
[2025-Aug-31 13:52:27.174 -07:00][223493:223493][info ] Initialized Krisp SDK successfully
[2025-Aug-31 13:52:27.174 -07:00][223493:223493][info ] Krisp SDK initialized
