8/31/2025, 12:01:20 PM PDT [Modules] Modules initializing
8/31/2025, 12:01:20 PM PDT [Modules] Distribution: remote
8/31/2025, 12:01:20 PM PDT [Modules] Host updates: enabled
8/31/2025, 12:01:20 PM PDT [Modules] Module updates: enabled
8/31/2025, 12:01:20 PM PDT [Modules] Module install path: /home/nick/.config/discord/0.0.107/modules
8/31/2025, 12:01:20 PM PDT [Modules] Module installed file path: /home/nick/.config/discord/0.0.107/modules/installed.json
8/31/2025, 12:01:20 PM PDT [Modules] Module download path: /home/nick/.config/discord/0.0.107/modules/pending
8/31/2025, 12:01:21 PM PDT [Modules] Bootstrapping...
8/31/2025, 12:01:21 PM PDT [Modules] Installing discord_desktop_core@0 from /opt/discord/resources/bootstrap/discord_desktop_core.zip
8/31/2025, 12:01:21 PM PDT [Modules] Failed installing discord_desktop_core@0: Error: ENOENT: no such file or directory, open '/opt/discord/resources/bootstrap/discord_desktop_core.zip'
8/31/2025, 12:01:21 PM PDT [Modules] Installing discord_erlpack@0 from /opt/discord/resources/bootstrap/discord_erlpack.zip
8/31/2025, 12:01:21 PM PDT [Modules] Failed installing discord_erlpack@0: Error: ENOENT: no such file or directory, open '/opt/discord/resources/bootstrap/discord_erlpack.zip'
8/31/2025, 12:01:21 PM PDT [Modules] Installing discord_spellcheck@0 from /opt/discord/resources/bootstrap/discord_spellcheck.zip
8/31/2025, 12:01:21 PM PDT [Modules] Failed installing discord_spellcheck@0: Error: ENOENT: no such file or directory, open '/opt/discord/resources/bootstrap/discord_spellcheck.zip'
8/31/2025, 12:01:21 PM PDT [Modules] Installing discord_utils@0 from /opt/discord/resources/bootstrap/discord_utils.zip
8/31/2025, 12:01:21 PM PDT [Modules] Failed installing discord_utils@0: Error: ENOENT: no such file or directory, open '/opt/discord/resources/bootstrap/discord_utils.zip'
8/31/2025, 12:01:21 PM PDT [Modules] Installing discord_voice@0 from /opt/discord/resources/bootstrap/discord_voice.zip
8/31/2025, 12:01:21 PM PDT [Modules] Failed installing discord_voice@0: Error: ENOENT: no such file or directory, open '/opt/discord/resources/bootstrap/discord_voice.zip'
8/31/2025, 12:01:21 PM PDT [Modules] Installing discord_zstd@0 from /opt/discord/resources/bootstrap/discord_zstd.zip
8/31/2025, 12:01:21 PM PDT [Modules] Failed installing discord_zstd@0: Error: ENOENT: no such file or directory, open '/opt/discord/resources/bootstrap/discord_zstd.zip'
8/31/2025, 12:01:21 PM PDT [Modules] Finished module installations. [success: 0] [failure: 6]
8/31/2025, 12:01:21 PM PDT [Modules] Checking for host updates.
8/31/2025, 12:01:22 PM PDT [Modules] Host is up to date.
8/31/2025, 12:01:22 PM PDT [Modules] Checking for module updates at https://discord.com/api/modules/stable/versions.json
8/31/2025, 12:01:22 PM PDT [Modules] Module update available: discord_desktop_core@1 [installed: 0]
8/31/2025, 12:01:22 PM PDT [Modules] Module update available: discord_erlpack@1 [installed: 0]
8/31/2025, 12:01:22 PM PDT [Modules] Module update available: discord_spellcheck@1 [installed: 0]
8/31/2025, 12:01:22 PM PDT [Modules] Module update available: discord_utils@1 [installed: 0]
8/31/2025, 12:01:22 PM PDT [Modules] Module update available: discord_voice@1 [installed: 0]
8/31/2025, 12:01:22 PM PDT [Modules] Module update available: discord_zstd@1 [installed: 0]
8/31/2025, 12:01:22 PM PDT [Modules] Fetching discord_desktop_core@1 from https://discord.com/api/modules/stable/discord_desktop_core/1
8/31/2025, 12:01:22 PM PDT [Modules] Streaming discord_desktop_core@1 to /home/nick/.config/discord/0.0.107/modules/pending/discord_desktop_core-1.zip
8/31/2025, 12:01:22 PM PDT [Modules] Streaming discord_desktop_core@1 to /home/nick/.config/discord/0.0.107/modules/pending/discord_desktop_core-1.zip: 1%
8/31/2025, 12:01:22 PM PDT [Modules] Streaming discord_desktop_core@1 to /home/nick/.config/discord/0.0.107/modules/pending/discord_desktop_core-1.zip: 2%
8/31/2025, 12:01:22 PM PDT [Modules] Streaming discord_desktop_core@1 to /home/nick/.config/discord/0.0.107/modules/pending/discord_desktop_core-1.zip: 3%
8/31/2025, 12:01:22 PM PDT [Modules] Streaming discord_desktop_core@1 to /home/nick/.config/discord/0.0.107/modules/pending/discord_desktop_core-1.zip: 5%
8/31/2025, 12:01:22 PM PDT [Modules] Streaming discord_desktop_core@1 to /home/nick/.config/discord/0.0.107/modules/pending/discord_desktop_core-1.zip: 8%
8/31/2025, 12:01:22 PM PDT [Modules] Streaming discord_desktop_core@1 to /home/nick/.config/discord/0.0.107/modules/pending/discord_desktop_core-1.zip: 10%
8/31/2025, 12:01:22 PM PDT [Modules] Streaming discord_desktop_core@1 to /home/nick/.config/discord/0.0.107/modules/pending/discord_desktop_core-1.zip: 16%
8/31/2025, 12:01:22 PM PDT [Modules] Streaming discord_desktop_core@1 to /home/nick/.config/discord/0.0.107/modules/pending/discord_desktop_core-1.zip: 24%
8/31/2025, 12:01:22 PM PDT [Modules] Streaming discord_desktop_core@1 to /home/nick/.config/discord/0.0.107/modules/pending/discord_desktop_core-1.zip: 39%
8/31/2025, 12:01:22 PM PDT [Modules] Streaming discord_desktop_core@1 to /home/nick/.config/discord/0.0.107/modules/pending/discord_desktop_core-1.zip: 43%
8/31/2025, 12:01:22 PM PDT [Modules] Streaming discord_desktop_core@1 to /home/nick/.config/discord/0.0.107/modules/pending/discord_desktop_core-1.zip: 46%
8/31/2025, 12:01:22 PM PDT [Modules] Streaming discord_desktop_core@1 to /home/nick/.config/discord/0.0.107/modules/pending/discord_desktop_core-1.zip: 50%
8/31/2025, 12:01:22 PM PDT [Modules] Streaming discord_desktop_core@1 to /home/nick/.config/discord/0.0.107/modules/pending/discord_desktop_core-1.zip: 55%
8/31/2025, 12:01:22 PM PDT [Modules] Streaming discord_desktop_core@1 to /home/nick/.config/discord/0.0.107/modules/pending/discord_desktop_core-1.zip: 56%
8/31/2025, 12:01:22 PM PDT [Modules] Streaming discord_desktop_core@1 to /home/nick/.config/discord/0.0.107/modules/pending/discord_desktop_core-1.zip: 67%
8/31/2025, 12:01:22 PM PDT [Modules] Streaming discord_desktop_core@1 to /home/nick/.config/discord/0.0.107/modules/pending/discord_desktop_core-1.zip: 72%
8/31/2025, 12:01:22 PM PDT [Modules] Streaming discord_desktop_core@1 to /home/nick/.config/discord/0.0.107/modules/pending/discord_desktop_core-1.zip: 76%
8/31/2025, 12:01:22 PM PDT [Modules] Streaming discord_desktop_core@1 to /home/nick/.config/discord/0.0.107/modules/pending/discord_desktop_core-1.zip: 82%
8/31/2025, 12:01:22 PM PDT [Modules] Streaming discord_desktop_core@1 to /home/nick/.config/discord/0.0.107/modules/pending/discord_desktop_core-1.zip: 88%
8/31/2025, 12:01:22 PM PDT [Modules] Streaming discord_desktop_core@1 to /home/nick/.config/discord/0.0.107/modules/pending/discord_desktop_core-1.zip: 90%
8/31/2025, 12:01:22 PM PDT [Modules] Streaming discord_desktop_core@1 to /home/nick/.config/discord/0.0.107/modules/pending/discord_desktop_core-1.zip: 98%
8/31/2025, 12:01:22 PM PDT [Modules] Streaming discord_desktop_core@1 to /home/nick/.config/discord/0.0.107/modules/pending/discord_desktop_core-1.zip: 100%
8/31/2025, 12:01:22 PM PDT [Modules] Fetching discord_erlpack@1 from https://discord.com/api/modules/stable/discord_erlpack/1
8/31/2025, 12:01:22 PM PDT [Modules] Streaming discord_erlpack@1 to /home/nick/.config/discord/0.0.107/modules/pending/discord_erlpack-1.zip
8/31/2025, 12:01:23 PM PDT [Modules] Streaming discord_erlpack@1 to /home/nick/.config/discord/0.0.107/modules/pending/discord_erlpack-1.zip: 2%
8/31/2025, 12:01:23 PM PDT [Modules] Streaming discord_erlpack@1 to /home/nick/.config/discord/0.0.107/modules/pending/discord_erlpack-1.zip: 9%
8/31/2025, 12:01:23 PM PDT [Modules] Streaming discord_erlpack@1 to /home/nick/.config/discord/0.0.107/modules/pending/discord_erlpack-1.zip: 35%
8/31/2025, 12:01:23 PM PDT [Modules] Streaming discord_erlpack@1 to /home/nick/.config/discord/0.0.107/modules/pending/discord_erlpack-1.zip: 92%
8/31/2025, 12:01:23 PM PDT [Modules] Streaming discord_erlpack@1 to /home/nick/.config/discord/0.0.107/modules/pending/discord_erlpack-1.zip: 100%
8/31/2025, 12:01:23 PM PDT [Modules] Fetching discord_spellcheck@1 from https://discord.com/api/modules/stable/discord_spellcheck/1
8/31/2025, 12:01:23 PM PDT [Modules] Streaming discord_spellcheck@1 to /home/nick/.config/discord/0.0.107/modules/pending/discord_spellcheck-1.zip
8/31/2025, 12:01:23 PM PDT [Modules] Streaming discord_spellcheck@1 to /home/nick/.config/discord/0.0.107/modules/pending/discord_spellcheck-1.zip: 1%
8/31/2025, 12:01:23 PM PDT [Modules] Streaming discord_spellcheck@1 to /home/nick/.config/discord/0.0.107/modules/pending/discord_spellcheck-1.zip: 2%
8/31/2025, 12:01:23 PM PDT [Modules] Streaming discord_spellcheck@1 to /home/nick/.config/discord/0.0.107/modules/pending/discord_spellcheck-1.zip: 4%
8/31/2025, 12:01:23 PM PDT [Modules] Streaming discord_spellcheck@1 to /home/nick/.config/discord/0.0.107/modules/pending/discord_spellcheck-1.zip: 5%
8/31/2025, 12:01:23 PM PDT [Modules] Streaming discord_spellcheck@1 to /home/nick/.config/discord/0.0.107/modules/pending/discord_spellcheck-1.zip: 6%
8/31/2025, 12:01:23 PM PDT [Modules] Streaming discord_spellcheck@1 to /home/nick/.config/discord/0.0.107/modules/pending/discord_spellcheck-1.zip: 7%
8/31/2025, 12:01:23 PM PDT [Modules] Streaming discord_spellcheck@1 to /home/nick/.config/discord/0.0.107/modules/pending/discord_spellcheck-1.zip: 8%
8/31/2025, 12:01:23 PM PDT [Modules] Streaming discord_spellcheck@1 to /home/nick/.config/discord/0.0.107/modules/pending/discord_spellcheck-1.zip: 9%
8/31/2025, 12:01:23 PM PDT [Modules] Streaming discord_spellcheck@1 to /home/nick/.config/discord/0.0.107/modules/pending/discord_spellcheck-1.zip: 10%
8/31/2025, 12:01:23 PM PDT [Modules] Streaming discord_spellcheck@1 to /home/nick/.config/discord/0.0.107/modules/pending/discord_spellcheck-1.zip: 11%
8/31/2025, 12:01:23 PM PDT [Modules] Streaming discord_spellcheck@1 to /home/nick/.config/discord/0.0.107/modules/pending/discord_spellcheck-1.zip: 13%
8/31/2025, 12:01:23 PM PDT [Modules] Streaming discord_spellcheck@1 to /home/nick/.config/discord/0.0.107/modules/pending/discord_spellcheck-1.zip: 14%
8/31/2025, 12:01:23 PM PDT [Modules] Streaming discord_spellcheck@1 to /home/nick/.config/discord/0.0.107/modules/pending/discord_spellcheck-1.zip: 15%
8/31/2025, 12:01:23 PM PDT [Modules] Streaming discord_spellcheck@1 to /home/nick/.config/discord/0.0.107/modules/pending/discord_spellcheck-1.zip: 18%
8/31/2025, 12:01:23 PM PDT [Modules] Streaming discord_spellcheck@1 to /home/nick/.config/discord/0.0.107/modules/pending/discord_spellcheck-1.zip: 20%
8/31/2025, 12:01:23 PM PDT [Modules] Streaming discord_spellcheck@1 to /home/nick/.config/discord/0.0.107/modules/pending/discord_spellcheck-1.zip: 21%
8/31/2025, 12:01:23 PM PDT [Modules] Streaming discord_spellcheck@1 to /home/nick/.config/discord/0.0.107/modules/pending/discord_spellcheck-1.zip: 22%
8/31/2025, 12:01:23 PM PDT [Modules] Streaming discord_spellcheck@1 to /home/nick/.config/discord/0.0.107/modules/pending/discord_spellcheck-1.zip: 23%
8/31/2025, 12:01:23 PM PDT [Modules] Streaming discord_spellcheck@1 to /home/nick/.config/discord/0.0.107/modules/pending/discord_spellcheck-1.zip: 24%
8/31/2025, 12:01:23 PM PDT [Modules] Streaming discord_spellcheck@1 to /home/nick/.config/discord/0.0.107/modules/pending/discord_spellcheck-1.zip: 25%
8/31/2025, 12:01:23 PM PDT [Modules] Streaming discord_spellcheck@1 to /home/nick/.config/discord/0.0.107/modules/pending/discord_spellcheck-1.zip: 26%
8/31/2025, 12:01:23 PM PDT [Modules] Streaming discord_spellcheck@1 to /home/nick/.config/discord/0.0.107/modules/pending/discord_spellcheck-1.zip: 27%
8/31/2025, 12:01:23 PM PDT [Modules] Streaming discord_spellcheck@1 to /home/nick/.config/discord/0.0.107/modules/pending/discord_spellcheck-1.zip: 29%
8/31/2025, 12:01:23 PM PDT [Modules] Streaming discord_spellcheck@1 to /home/nick/.config/discord/0.0.107/modules/pending/discord_spellcheck-1.zip: 31%
8/31/2025, 12:01:23 PM PDT [Modules] Streaming discord_spellcheck@1 to /home/nick/.config/discord/0.0.107/modules/pending/discord_spellcheck-1.zip: 33%
8/31/2025, 12:01:23 PM PDT [Modules] Streaming discord_spellcheck@1 to /home/nick/.config/discord/0.0.107/modules/pending/discord_spellcheck-1.zip: 34%
8/31/2025, 12:01:23 PM PDT [Modules] Streaming discord_spellcheck@1 to /home/nick/.config/discord/0.0.107/modules/pending/discord_spellcheck-1.zip: 38%
8/31/2025, 12:01:23 PM PDT [Modules] Streaming discord_spellcheck@1 to /home/nick/.config/discord/0.0.107/modules/pending/discord_spellcheck-1.zip: 39%
8/31/2025, 12:01:23 PM PDT [Modules] Streaming discord_spellcheck@1 to /home/nick/.config/discord/0.0.107/modules/pending/discord_spellcheck-1.zip: 41%
8/31/2025, 12:01:23 PM PDT [Modules] Streaming discord_spellcheck@1 to /home/nick/.config/discord/0.0.107/modules/pending/discord_spellcheck-1.zip: 42%
8/31/2025, 12:01:23 PM PDT [Modules] Streaming discord_spellcheck@1 to /home/nick/.config/discord/0.0.107/modules/pending/discord_spellcheck-1.zip: 45%
8/31/2025, 12:01:23 PM PDT [Modules] Streaming discord_spellcheck@1 to /home/nick/.config/discord/0.0.107/modules/pending/discord_spellcheck-1.zip: 47%
8/31/2025, 12:01:23 PM PDT [Modules] Streaming discord_spellcheck@1 to /home/nick/.config/discord/0.0.107/modules/pending/discord_spellcheck-1.zip: 49%
8/31/2025, 12:01:23 PM PDT [Modules] Streaming discord_spellcheck@1 to /home/nick/.config/discord/0.0.107/modules/pending/discord_spellcheck-1.zip: 50%
8/31/2025, 12:01:23 PM PDT [Modules] Streaming discord_spellcheck@1 to /home/nick/.config/discord/0.0.107/modules/pending/discord_spellcheck-1.zip: 51%
8/31/2025, 12:01:23 PM PDT [Modules] Streaming discord_spellcheck@1 to /home/nick/.config/discord/0.0.107/modules/pending/discord_spellcheck-1.zip: 53%
8/31/2025, 12:01:23 PM PDT [Modules] Streaming discord_spellcheck@1 to /home/nick/.config/discord/0.0.107/modules/pending/discord_spellcheck-1.zip: 54%
8/31/2025, 12:01:23 PM PDT [Modules] Streaming discord_spellcheck@1 to /home/nick/.config/discord/0.0.107/modules/pending/discord_spellcheck-1.zip: 55%
8/31/2025, 12:01:23 PM PDT [Modules] Streaming discord_spellcheck@1 to /home/nick/.config/discord/0.0.107/modules/pending/discord_spellcheck-1.zip: 59%
8/31/2025, 12:01:23 PM PDT [Modules] Streaming discord_spellcheck@1 to /home/nick/.config/discord/0.0.107/modules/pending/discord_spellcheck-1.zip: 60%
8/31/2025, 12:01:23 PM PDT [Modules] Streaming discord_spellcheck@1 to /home/nick/.config/discord/0.0.107/modules/pending/discord_spellcheck-1.zip: 62%
8/31/2025, 12:01:23 PM PDT [Modules] Streaming discord_spellcheck@1 to /home/nick/.config/discord/0.0.107/modules/pending/discord_spellcheck-1.zip: 64%
8/31/2025, 12:01:23 PM PDT [Modules] Streaming discord_spellcheck@1 to /home/nick/.config/discord/0.0.107/modules/pending/discord_spellcheck-1.zip: 66%
8/31/2025, 12:01:23 PM PDT [Modules] Streaming discord_spellcheck@1 to /home/nick/.config/discord/0.0.107/modules/pending/discord_spellcheck-1.zip: 68%
8/31/2025, 12:01:23 PM PDT [Modules] Streaming discord_spellcheck@1 to /home/nick/.config/discord/0.0.107/modules/pending/discord_spellcheck-1.zip: 71%
8/31/2025, 12:01:24 PM PDT [Modules] Streaming discord_spellcheck@1 to /home/nick/.config/discord/0.0.107/modules/pending/discord_spellcheck-1.zip: 75%
8/31/2025, 12:01:24 PM PDT [Modules] Streaming discord_spellcheck@1 to /home/nick/.config/discord/0.0.107/modules/pending/discord_spellcheck-1.zip: 78%
8/31/2025, 12:01:24 PM PDT [Modules] Streaming discord_spellcheck@1 to /home/nick/.config/discord/0.0.107/modules/pending/discord_spellcheck-1.zip: 79%
8/31/2025, 12:01:24 PM PDT [Modules] Streaming discord_spellcheck@1 to /home/nick/.config/discord/0.0.107/modules/pending/discord_spellcheck-1.zip: 82%
8/31/2025, 12:01:24 PM PDT [Modules] Streaming discord_spellcheck@1 to /home/nick/.config/discord/0.0.107/modules/pending/discord_spellcheck-1.zip: 84%
8/31/2025, 12:01:24 PM PDT [Modules] Streaming discord_spellcheck@1 to /home/nick/.config/discord/0.0.107/modules/pending/discord_spellcheck-1.zip: 86%
8/31/2025, 12:01:24 PM PDT [Modules] Streaming discord_spellcheck@1 to /home/nick/.config/discord/0.0.107/modules/pending/discord_spellcheck-1.zip: 87%
8/31/2025, 12:01:24 PM PDT [Modules] Streaming discord_spellcheck@1 to /home/nick/.config/discord/0.0.107/modules/pending/discord_spellcheck-1.zip: 88%
8/31/2025, 12:01:24 PM PDT [Modules] Streaming discord_spellcheck@1 to /home/nick/.config/discord/0.0.107/modules/pending/discord_spellcheck-1.zip: 89%
8/31/2025, 12:01:24 PM PDT [Modules] Streaming discord_spellcheck@1 to /home/nick/.config/discord/0.0.107/modules/pending/discord_spellcheck-1.zip: 91%
8/31/2025, 12:01:24 PM PDT [Modules] Streaming discord_spellcheck@1 to /home/nick/.config/discord/0.0.107/modules/pending/discord_spellcheck-1.zip: 94%
8/31/2025, 12:01:24 PM PDT [Modules] Streaming discord_spellcheck@1 to /home/nick/.config/discord/0.0.107/modules/pending/discord_spellcheck-1.zip: 97%
8/31/2025, 12:01:24 PM PDT [Modules] Streaming discord_spellcheck@1 to /home/nick/.config/discord/0.0.107/modules/pending/discord_spellcheck-1.zip: 99%
8/31/2025, 12:01:24 PM PDT [Modules] Streaming discord_spellcheck@1 to /home/nick/.config/discord/0.0.107/modules/pending/discord_spellcheck-1.zip: 100%
8/31/2025, 12:01:24 PM PDT [Modules] Fetching discord_utils@1 from https://discord.com/api/modules/stable/discord_utils/1
8/31/2025, 12:01:24 PM PDT [Modules] Streaming discord_utils@1 to /home/nick/.config/discord/0.0.107/modules/pending/discord_utils-1.zip
8/31/2025, 12:01:24 PM PDT [Modules] Streaming discord_utils@1 to /home/nick/.config/discord/0.0.107/modules/pending/discord_utils-1.zip: 1%
8/31/2025, 12:01:24 PM PDT [Modules] Streaming discord_utils@1 to /home/nick/.config/discord/0.0.107/modules/pending/discord_utils-1.zip: 3%
8/31/2025, 12:01:24 PM PDT [Modules] Streaming discord_utils@1 to /home/nick/.config/discord/0.0.107/modules/pending/discord_utils-1.zip: 4%
8/31/2025, 12:01:24 PM PDT [Modules] Streaming discord_utils@1 to /home/nick/.config/discord/0.0.107/modules/pending/discord_utils-1.zip: 5%
8/31/2025, 12:01:24 PM PDT [Modules] Streaming discord_utils@1 to /home/nick/.config/discord/0.0.107/modules/pending/discord_utils-1.zip: 7%
8/31/2025, 12:01:24 PM PDT [Modules] Streaming discord_utils@1 to /home/nick/.config/discord/0.0.107/modules/pending/discord_utils-1.zip: 8%
8/31/2025, 12:01:24 PM PDT [Modules] Streaming discord_utils@1 to /home/nick/.config/discord/0.0.107/modules/pending/discord_utils-1.zip: 11%
8/31/2025, 12:01:24 PM PDT [Modules] Streaming discord_utils@1 to /home/nick/.config/discord/0.0.107/modules/pending/discord_utils-1.zip: 14%
8/31/2025, 12:01:24 PM PDT [Modules] Streaming discord_utils@1 to /home/nick/.config/discord/0.0.107/modules/pending/discord_utils-1.zip: 17%
8/31/2025, 12:01:24 PM PDT [Modules] Streaming discord_utils@1 to /home/nick/.config/discord/0.0.107/modules/pending/discord_utils-1.zip: 20%
8/31/2025, 12:01:24 PM PDT [Modules] Streaming discord_utils@1 to /home/nick/.config/discord/0.0.107/modules/pending/discord_utils-1.zip: 22%
8/31/2025, 12:01:24 PM PDT [Modules] Streaming discord_utils@1 to /home/nick/.config/discord/0.0.107/modules/pending/discord_utils-1.zip: 25%
8/31/2025, 12:01:24 PM PDT [Modules] Streaming discord_utils@1 to /home/nick/.config/discord/0.0.107/modules/pending/discord_utils-1.zip: 28%
8/31/2025, 12:01:24 PM PDT [Modules] Streaming discord_utils@1 to /home/nick/.config/discord/0.0.107/modules/pending/discord_utils-1.zip: 36%
8/31/2025, 12:01:24 PM PDT [Modules] Streaming discord_utils@1 to /home/nick/.config/discord/0.0.107/modules/pending/discord_utils-1.zip: 41%
8/31/2025, 12:01:24 PM PDT [Modules] Streaming discord_utils@1 to /home/nick/.config/discord/0.0.107/modules/pending/discord_utils-1.zip: 43%
8/31/2025, 12:01:24 PM PDT [Modules] Streaming discord_utils@1 to /home/nick/.config/discord/0.0.107/modules/pending/discord_utils-1.zip: 44%
8/31/2025, 12:01:24 PM PDT [Modules] Streaming discord_utils@1 to /home/nick/.config/discord/0.0.107/modules/pending/discord_utils-1.zip: 45%
8/31/2025, 12:01:24 PM PDT [Modules] Streaming discord_utils@1 to /home/nick/.config/discord/0.0.107/modules/pending/discord_utils-1.zip: 53%
8/31/2025, 12:01:24 PM PDT [Modules] Streaming discord_utils@1 to /home/nick/.config/discord/0.0.107/modules/pending/discord_utils-1.zip: 55%
8/31/2025, 12:01:24 PM PDT [Modules] Streaming discord_utils@1 to /home/nick/.config/discord/0.0.107/modules/pending/discord_utils-1.zip: 58%
8/31/2025, 12:01:24 PM PDT [Modules] Streaming discord_utils@1 to /home/nick/.config/discord/0.0.107/modules/pending/discord_utils-1.zip: 61%
8/31/2025, 12:01:24 PM PDT [Modules] Streaming discord_utils@1 to /home/nick/.config/discord/0.0.107/modules/pending/discord_utils-1.zip: 63%
8/31/2025, 12:01:24 PM PDT [Modules] Streaming discord_utils@1 to /home/nick/.config/discord/0.0.107/modules/pending/discord_utils-1.zip: 75%
8/31/2025, 12:01:24 PM PDT [Modules] Streaming discord_utils@1 to /home/nick/.config/discord/0.0.107/modules/pending/discord_utils-1.zip: 83%
8/31/2025, 12:01:24 PM PDT [Modules] Streaming discord_utils@1 to /home/nick/.config/discord/0.0.107/modules/pending/discord_utils-1.zip: 90%
8/31/2025, 12:01:24 PM PDT [Modules] Streaming discord_utils@1 to /home/nick/.config/discord/0.0.107/modules/pending/discord_utils-1.zip: 99%
8/31/2025, 12:01:24 PM PDT [Modules] Streaming discord_utils@1 to /home/nick/.config/discord/0.0.107/modules/pending/discord_utils-1.zip: 100%
8/31/2025, 12:01:24 PM PDT [Modules] Fetching discord_voice@1 from https://discord.com/api/modules/stable/discord_voice/1
8/31/2025, 12:01:24 PM PDT [Modules] Streaming discord_voice@1 to /home/nick/.config/discord/0.0.107/modules/pending/discord_voice-1.zip
8/31/2025, 12:01:24 PM PDT [Modules] Streaming discord_voice@1 to /home/nick/.config/discord/0.0.107/modules/pending/discord_voice-1.zip: 1%
8/31/2025, 12:01:24 PM PDT [Modules] Streaming discord_voice@1 to /home/nick/.config/discord/0.0.107/modules/pending/discord_voice-1.zip: 2%
8/31/2025, 12:01:24 PM PDT [Modules] Streaming discord_voice@1 to /home/nick/.config/discord/0.0.107/modules/pending/discord_voice-1.zip: 3%
8/31/2025, 12:01:24 PM PDT [Modules] Streaming discord_voice@1 to /home/nick/.config/discord/0.0.107/modules/pending/discord_voice-1.zip: 4%
8/31/2025, 12:01:24 PM PDT [Modules] Streaming discord_voice@1 to /home/nick/.config/discord/0.0.107/modules/pending/discord_voice-1.zip: 7%
8/31/2025, 12:01:24 PM PDT [Modules] Streaming discord_voice@1 to /home/nick/.config/discord/0.0.107/modules/pending/discord_voice-1.zip: 8%
8/31/2025, 12:01:24 PM PDT [Modules] Streaming discord_voice@1 to /home/nick/.config/discord/0.0.107/modules/pending/discord_voice-1.zip: 11%
8/31/2025, 12:01:24 PM PDT [Modules] Streaming discord_voice@1 to /home/nick/.config/discord/0.0.107/modules/pending/discord_voice-1.zip: 12%
8/31/2025, 12:01:24 PM PDT [Modules] Streaming discord_voice@1 to /home/nick/.config/discord/0.0.107/modules/pending/discord_voice-1.zip: 13%
8/31/2025, 12:01:24 PM PDT [Modules] Streaming discord_voice@1 to /home/nick/.config/discord/0.0.107/modules/pending/discord_voice-1.zip: 14%
8/31/2025, 12:01:24 PM PDT [Modules] Streaming discord_voice@1 to /home/nick/.config/discord/0.0.107/modules/pending/discord_voice-1.zip: 15%
8/31/2025, 12:01:25 PM PDT [Modules] Streaming discord_voice@1 to /home/nick/.config/discord/0.0.107/modules/pending/discord_voice-1.zip: 16%
8/31/2025, 12:01:25 PM PDT [Modules] Streaming discord_voice@1 to /home/nick/.config/discord/0.0.107/modules/pending/discord_voice-1.zip: 17%
8/31/2025, 12:01:25 PM PDT [Modules] Streaming discord_voice@1 to /home/nick/.config/discord/0.0.107/modules/pending/discord_voice-1.zip: 18%
8/31/2025, 12:01:25 PM PDT [Modules] Streaming discord_voice@1 to /home/nick/.config/discord/0.0.107/modules/pending/discord_voice-1.zip: 19%
8/31/2025, 12:01:25 PM PDT [Modules] Streaming discord_voice@1 to /home/nick/.config/discord/0.0.107/modules/pending/discord_voice-1.zip: 20%
8/31/2025, 12:01:25 PM PDT [Modules] Streaming discord_voice@1 to /home/nick/.config/discord/0.0.107/modules/pending/discord_voice-1.zip: 21%
8/31/2025, 12:01:25 PM PDT [Modules] Streaming discord_voice@1 to /home/nick/.config/discord/0.0.107/modules/pending/discord_voice-1.zip: 22%
8/31/2025, 12:01:25 PM PDT [Modules] Streaming discord_voice@1 to /home/nick/.config/discord/0.0.107/modules/pending/discord_voice-1.zip: 23%
8/31/2025, 12:01:25 PM PDT [Modules] Streaming discord_voice@1 to /home/nick/.config/discord/0.0.107/modules/pending/discord_voice-1.zip: 24%
8/31/2025, 12:01:25 PM PDT [Modules] Streaming discord_voice@1 to /home/nick/.config/discord/0.0.107/modules/pending/discord_voice-1.zip: 27%
8/31/2025, 12:01:25 PM PDT [Modules] Streaming discord_voice@1 to /home/nick/.config/discord/0.0.107/modules/pending/discord_voice-1.zip: 28%
8/31/2025, 12:01:25 PM PDT [Modules] Streaming discord_voice@1 to /home/nick/.config/discord/0.0.107/modules/pending/discord_voice-1.zip: 29%
8/31/2025, 12:01:25 PM PDT [Modules] Streaming discord_voice@1 to /home/nick/.config/discord/0.0.107/modules/pending/discord_voice-1.zip: 30%
8/31/2025, 12:01:25 PM PDT [Modules] Streaming discord_voice@1 to /home/nick/.config/discord/0.0.107/modules/pending/discord_voice-1.zip: 31%
8/31/2025, 12:01:25 PM PDT [Modules] Streaming discord_voice@1 to /home/nick/.config/discord/0.0.107/modules/pending/discord_voice-1.zip: 32%
8/31/2025, 12:01:25 PM PDT [Modules] Streaming discord_voice@1 to /home/nick/.config/discord/0.0.107/modules/pending/discord_voice-1.zip: 33%
8/31/2025, 12:01:25 PM PDT [Modules] Streaming discord_voice@1 to /home/nick/.config/discord/0.0.107/modules/pending/discord_voice-1.zip: 34%
8/31/2025, 12:01:25 PM PDT [Modules] Streaming discord_voice@1 to /home/nick/.config/discord/0.0.107/modules/pending/discord_voice-1.zip: 35%
8/31/2025, 12:01:25 PM PDT [Modules] Streaming discord_voice@1 to /home/nick/.config/discord/0.0.107/modules/pending/discord_voice-1.zip: 36%
8/31/2025, 12:01:25 PM PDT [Modules] Streaming discord_voice@1 to /home/nick/.config/discord/0.0.107/modules/pending/discord_voice-1.zip: 37%
8/31/2025, 12:01:25 PM PDT [Modules] Streaming discord_voice@1 to /home/nick/.config/discord/0.0.107/modules/pending/discord_voice-1.zip: 38%
8/31/2025, 12:01:25 PM PDT [Modules] Streaming discord_voice@1 to /home/nick/.config/discord/0.0.107/modules/pending/discord_voice-1.zip: 39%
8/31/2025, 12:01:25 PM PDT [Modules] Streaming discord_voice@1 to /home/nick/.config/discord/0.0.107/modules/pending/discord_voice-1.zip: 40%
8/31/2025, 12:01:25 PM PDT [Modules] Streaming discord_voice@1 to /home/nick/.config/discord/0.0.107/modules/pending/discord_voice-1.zip: 41%
8/31/2025, 12:01:25 PM PDT [Modules] Streaming discord_voice@1 to /home/nick/.config/discord/0.0.107/modules/pending/discord_voice-1.zip: 42%
8/31/2025, 12:01:25 PM PDT [Modules] Streaming discord_voice@1 to /home/nick/.config/discord/0.0.107/modules/pending/discord_voice-1.zip: 43%
8/31/2025, 12:01:25 PM PDT [Modules] Streaming discord_voice@1 to /home/nick/.config/discord/0.0.107/modules/pending/discord_voice-1.zip: 44%
8/31/2025, 12:01:25 PM PDT [Modules] Streaming discord_voice@1 to /home/nick/.config/discord/0.0.107/modules/pending/discord_voice-1.zip: 45%
8/31/2025, 12:01:25 PM PDT [Modules] Streaming discord_voice@1 to /home/nick/.config/discord/0.0.107/modules/pending/discord_voice-1.zip: 46%
8/31/2025, 12:01:25 PM PDT [Modules] Streaming discord_voice@1 to /home/nick/.config/discord/0.0.107/modules/pending/discord_voice-1.zip: 47%
8/31/2025, 12:01:25 PM PDT [Modules] Streaming discord_voice@1 to /home/nick/.config/discord/0.0.107/modules/pending/discord_voice-1.zip: 48%
8/31/2025, 12:01:25 PM PDT [Modules] Streaming discord_voice@1 to /home/nick/.config/discord/0.0.107/modules/pending/discord_voice-1.zip: 49%
8/31/2025, 12:01:25 PM PDT [Modules] Streaming discord_voice@1 to /home/nick/.config/discord/0.0.107/modules/pending/discord_voice-1.zip: 51%
8/31/2025, 12:01:25 PM PDT [Modules] Streaming discord_voice@1 to /home/nick/.config/discord/0.0.107/modules/pending/discord_voice-1.zip: 52%
8/31/2025, 12:01:25 PM PDT [Modules] Streaming discord_voice@1 to /home/nick/.config/discord/0.0.107/modules/pending/discord_voice-1.zip: 53%
8/31/2025, 12:01:25 PM PDT [Modules] Streaming discord_voice@1 to /home/nick/.config/discord/0.0.107/modules/pending/discord_voice-1.zip: 54%
8/31/2025, 12:01:25 PM PDT [Modules] Streaming discord_voice@1 to /home/nick/.config/discord/0.0.107/modules/pending/discord_voice-1.zip: 55%
8/31/2025, 12:01:25 PM PDT [Modules] Streaming discord_voice@1 to /home/nick/.config/discord/0.0.107/modules/pending/discord_voice-1.zip: 56%
8/31/2025, 12:01:25 PM PDT [Modules] Streaming discord_voice@1 to /home/nick/.config/discord/0.0.107/modules/pending/discord_voice-1.zip: 57%
8/31/2025, 12:01:25 PM PDT [Modules] Streaming discord_voice@1 to /home/nick/.config/discord/0.0.107/modules/pending/discord_voice-1.zip: 58%
8/31/2025, 12:01:25 PM PDT [Modules] Streaming discord_voice@1 to /home/nick/.config/discord/0.0.107/modules/pending/discord_voice-1.zip: 59%
8/31/2025, 12:01:25 PM PDT [Modules] Streaming discord_voice@1 to /home/nick/.config/discord/0.0.107/modules/pending/discord_voice-1.zip: 60%
8/31/2025, 12:01:25 PM PDT [Modules] Streaming discord_voice@1 to /home/nick/.config/discord/0.0.107/modules/pending/discord_voice-1.zip: 61%
8/31/2025, 12:01:25 PM PDT [Modules] Streaming discord_voice@1 to /home/nick/.config/discord/0.0.107/modules/pending/discord_voice-1.zip: 62%
8/31/2025, 12:01:25 PM PDT [Modules] Streaming discord_voice@1 to /home/nick/.config/discord/0.0.107/modules/pending/discord_voice-1.zip: 65%
8/31/2025, 12:01:25 PM PDT [Modules] Streaming discord_voice@1 to /home/nick/.config/discord/0.0.107/modules/pending/discord_voice-1.zip: 66%
8/31/2025, 12:01:25 PM PDT [Modules] Streaming discord_voice@1 to /home/nick/.config/discord/0.0.107/modules/pending/discord_voice-1.zip: 67%
8/31/2025, 12:01:25 PM PDT [Modules] Streaming discord_voice@1 to /home/nick/.config/discord/0.0.107/modules/pending/discord_voice-1.zip: 68%
8/31/2025, 12:01:25 PM PDT [Modules] Streaming discord_voice@1 to /home/nick/.config/discord/0.0.107/modules/pending/discord_voice-1.zip: 69%
8/31/2025, 12:01:25 PM PDT [Modules] Streaming discord_voice@1 to /home/nick/.config/discord/0.0.107/modules/pending/discord_voice-1.zip: 70%
8/31/2025, 12:01:25 PM PDT [Modules] Streaming discord_voice@1 to /home/nick/.config/discord/0.0.107/modules/pending/discord_voice-1.zip: 71%
8/31/2025, 12:01:25 PM PDT [Modules] Streaming discord_voice@1 to /home/nick/.config/discord/0.0.107/modules/pending/discord_voice-1.zip: 72%
8/31/2025, 12:01:25 PM PDT [Modules] Streaming discord_voice@1 to /home/nick/.config/discord/0.0.107/modules/pending/discord_voice-1.zip: 73%
8/31/2025, 12:01:25 PM PDT [Modules] Streaming discord_voice@1 to /home/nick/.config/discord/0.0.107/modules/pending/discord_voice-1.zip: 74%
8/31/2025, 12:01:25 PM PDT [Modules] Streaming discord_voice@1 to /home/nick/.config/discord/0.0.107/modules/pending/discord_voice-1.zip: 75%
8/31/2025, 12:01:25 PM PDT [Modules] Streaming discord_voice@1 to /home/nick/.config/discord/0.0.107/modules/pending/discord_voice-1.zip: 76%
8/31/2025, 12:01:25 PM PDT [Modules] Streaming discord_voice@1 to /home/nick/.config/discord/0.0.107/modules/pending/discord_voice-1.zip: 77%
8/31/2025, 12:01:25 PM PDT [Modules] Streaming discord_voice@1 to /home/nick/.config/discord/0.0.107/modules/pending/discord_voice-1.zip: 78%
8/31/2025, 12:01:25 PM PDT [Modules] Streaming discord_voice@1 to /home/nick/.config/discord/0.0.107/modules/pending/discord_voice-1.zip: 79%
8/31/2025, 12:01:25 PM PDT [Modules] Streaming discord_voice@1 to /home/nick/.config/discord/0.0.107/modules/pending/discord_voice-1.zip: 80%
8/31/2025, 12:01:25 PM PDT [Modules] Streaming discord_voice@1 to /home/nick/.config/discord/0.0.107/modules/pending/discord_voice-1.zip: 81%
8/31/2025, 12:01:25 PM PDT [Modules] Streaming discord_voice@1 to /home/nick/.config/discord/0.0.107/modules/pending/discord_voice-1.zip: 82%
8/31/2025, 12:01:25 PM PDT [Modules] Streaming discord_voice@1 to /home/nick/.config/discord/0.0.107/modules/pending/discord_voice-1.zip: 83%
8/31/2025, 12:01:26 PM PDT [Modules] Streaming discord_voice@1 to /home/nick/.config/discord/0.0.107/modules/pending/discord_voice-1.zip: 84%
8/31/2025, 12:01:26 PM PDT [Modules] Streaming discord_voice@1 to /home/nick/.config/discord/0.0.107/modules/pending/discord_voice-1.zip: 85%
8/31/2025, 12:01:26 PM PDT [Modules] Streaming discord_voice@1 to /home/nick/.config/discord/0.0.107/modules/pending/discord_voice-1.zip: 86%
8/31/2025, 12:01:26 PM PDT [Modules] Streaming discord_voice@1 to /home/nick/.config/discord/0.0.107/modules/pending/discord_voice-1.zip: 87%
8/31/2025, 12:01:26 PM PDT [Modules] Streaming discord_voice@1 to /home/nick/.config/discord/0.0.107/modules/pending/discord_voice-1.zip: 88%
8/31/2025, 12:01:26 PM PDT [Modules] Streaming discord_voice@1 to /home/nick/.config/discord/0.0.107/modules/pending/discord_voice-1.zip: 89%
8/31/2025, 12:01:26 PM PDT [Modules] Streaming discord_voice@1 to /home/nick/.config/discord/0.0.107/modules/pending/discord_voice-1.zip: 90%
8/31/2025, 12:01:26 PM PDT [Modules] Streaming discord_voice@1 to /home/nick/.config/discord/0.0.107/modules/pending/discord_voice-1.zip: 91%
8/31/2025, 12:01:26 PM PDT [Modules] Streaming discord_voice@1 to /home/nick/.config/discord/0.0.107/modules/pending/discord_voice-1.zip: 93%
8/31/2025, 12:01:26 PM PDT [Modules] Streaming discord_voice@1 to /home/nick/.config/discord/0.0.107/modules/pending/discord_voice-1.zip: 94%
8/31/2025, 12:01:26 PM PDT [Modules] Streaming discord_voice@1 to /home/nick/.config/discord/0.0.107/modules/pending/discord_voice-1.zip: 95%
8/31/2025, 12:01:26 PM PDT [Modules] Streaming discord_voice@1 to /home/nick/.config/discord/0.0.107/modules/pending/discord_voice-1.zip: 96%
8/31/2025, 12:01:26 PM PDT [Modules] Streaming discord_voice@1 to /home/nick/.config/discord/0.0.107/modules/pending/discord_voice-1.zip: 99%
8/31/2025, 12:01:26 PM PDT [Modules] Streaming discord_voice@1 to /home/nick/.config/discord/0.0.107/modules/pending/discord_voice-1.zip: 100%
8/31/2025, 12:01:26 PM PDT [Modules] Fetching discord_zstd@1 from https://discord.com/api/modules/stable/discord_zstd/1
8/31/2025, 12:01:26 PM PDT [Modules] Streaming discord_zstd@1 to /home/nick/.config/discord/0.0.107/modules/pending/discord_zstd-1.zip
8/31/2025, 12:01:26 PM PDT [Modules] Streaming discord_zstd@1 to /home/nick/.config/discord/0.0.107/modules/pending/discord_zstd-1.zip: 19%
8/31/2025, 12:01:26 PM PDT [Modules] Streaming discord_zstd@1 to /home/nick/.config/discord/0.0.107/modules/pending/discord_zstd-1.zip: 51%
8/31/2025, 12:01:26 PM PDT [Modules] Streaming discord_zstd@1 to /home/nick/.config/discord/0.0.107/modules/pending/discord_zstd-1.zip: 68%
8/31/2025, 12:01:26 PM PDT [Modules] Streaming discord_zstd@1 to /home/nick/.config/discord/0.0.107/modules/pending/discord_zstd-1.zip: 78%
8/31/2025, 12:01:26 PM PDT [Modules] Streaming discord_zstd@1 to /home/nick/.config/discord/0.0.107/modules/pending/discord_zstd-1.zip: 100%
8/31/2025, 12:01:26 PM PDT [Modules] Finished module downloads. [success: 6] [failure: 0]
8/31/2025, 12:01:26 PM PDT [Modules] Installing updates...
8/31/2025, 12:01:26 PM PDT [Modules] Installing discord_desktop_core@1 from /home/nick/.config/discord/0.0.107/modules/pending/discord_desktop_core-1.zip
8/31/2025, 12:01:26 PM PDT [Modules] Installing discord_erlpack@1 from /home/nick/.config/discord/0.0.107/modules/pending/discord_erlpack-1.zip
8/31/2025, 12:01:27 PM PDT [Modules] Installing discord_spellcheck@1 from /home/nick/.config/discord/0.0.107/modules/pending/discord_spellcheck-1.zip
8/31/2025, 12:01:32 PM PDT [Modules] Installing discord_utils@1 from /home/nick/.config/discord/0.0.107/modules/pending/discord_utils-1.zip
8/31/2025, 12:01:33 PM PDT [Modules] Installing discord_voice@1 from /home/nick/.config/discord/0.0.107/modules/pending/discord_voice-1.zip
8/31/2025, 12:01:38 PM PDT [Modules] Installing discord_zstd@1 from /home/nick/.config/discord/0.0.107/modules/pending/discord_zstd-1.zip
8/31/2025, 12:01:38 PM PDT [Modules] Finished module installations. [success: 6] [failure: 0]
8/31/2025, 12:01:38 PM PDT [Modules] Checking for host updates.
8/31/2025, 12:01:38 PM PDT [Modules] Host is up to date.
8/31/2025, 12:01:38 PM PDT [Modules] Checking for module updates at https://discord.com/api/modules/stable/versions.json
8/31/2025, 12:01:38 PM PDT [Modules] No module updates available.
8/31/2025, 12:01:46 PM PDT [Modules] Starting to install discord_krisp...
8/31/2025, 12:01:46 PM PDT [Modules] Fetching discord_krisp@1 from https://discord.com/api/modules/stable/discord_krisp/1
8/31/2025, 12:01:46 PM PDT [Modules] Streaming discord_krisp@1 to /home/nick/.config/discord/0.0.107/modules/pending/discord_krisp-1.zip
8/31/2025, 12:01:46 PM PDT [Modules] Starting to install discord_game_utils...
8/31/2025, 12:01:46 PM PDT [Modules] Streaming discord_krisp@1 to /home/nick/.config/discord/0.0.107/modules/pending/discord_krisp-1.zip: 1%
8/31/2025, 12:01:46 PM PDT [Modules] Streaming discord_krisp@1 to /home/nick/.config/discord/0.0.107/modules/pending/discord_krisp-1.zip: 2%
8/31/2025, 12:01:46 PM PDT [Modules] Streaming discord_krisp@1 to /home/nick/.config/discord/0.0.107/modules/pending/discord_krisp-1.zip: 3%
8/31/2025, 12:01:46 PM PDT [Modules] Streaming discord_krisp@1 to /home/nick/.config/discord/0.0.107/modules/pending/discord_krisp-1.zip: 4%
8/31/2025, 12:01:46 PM PDT [Modules] Streaming discord_krisp@1 to /home/nick/.config/discord/0.0.107/modules/pending/discord_krisp-1.zip: 5%
8/31/2025, 12:01:46 PM PDT [Modules] Streaming discord_krisp@1 to /home/nick/.config/discord/0.0.107/modules/pending/discord_krisp-1.zip: 6%
8/31/2025, 12:01:46 PM PDT [Modules] Streaming discord_krisp@1 to /home/nick/.config/discord/0.0.107/modules/pending/discord_krisp-1.zip: 7%
8/31/2025, 12:01:46 PM PDT [Modules] Streaming discord_krisp@1 to /home/nick/.config/discord/0.0.107/modules/pending/discord_krisp-1.zip: 8%
8/31/2025, 12:01:46 PM PDT [Modules] Streaming discord_krisp@1 to /home/nick/.config/discord/0.0.107/modules/pending/discord_krisp-1.zip: 9%
8/31/2025, 12:01:46 PM PDT [Modules] Streaming discord_krisp@1 to /home/nick/.config/discord/0.0.107/modules/pending/discord_krisp-1.zip: 10%
8/31/2025, 12:01:46 PM PDT [Modules] Streaming discord_krisp@1 to /home/nick/.config/discord/0.0.107/modules/pending/discord_krisp-1.zip: 11%
8/31/2025, 12:01:46 PM PDT [Modules] Streaming discord_krisp@1 to /home/nick/.config/discord/0.0.107/modules/pending/discord_krisp-1.zip: 12%
8/31/2025, 12:01:46 PM PDT [Modules] Streaming discord_krisp@1 to /home/nick/.config/discord/0.0.107/modules/pending/discord_krisp-1.zip: 13%
8/31/2025, 12:01:46 PM PDT [Modules] Streaming discord_krisp@1 to /home/nick/.config/discord/0.0.107/modules/pending/discord_krisp-1.zip: 14%
8/31/2025, 12:01:46 PM PDT [Modules] Streaming discord_krisp@1 to /home/nick/.config/discord/0.0.107/modules/pending/discord_krisp-1.zip: 15%
8/31/2025, 12:01:47 PM PDT [Modules] Streaming discord_krisp@1 to /home/nick/.config/discord/0.0.107/modules/pending/discord_krisp-1.zip: 16%
8/31/2025, 12:01:47 PM PDT [Modules] Streaming discord_krisp@1 to /home/nick/.config/discord/0.0.107/modules/pending/discord_krisp-1.zip: 17%
8/31/2025, 12:01:47 PM PDT [Modules] Streaming discord_krisp@1 to /home/nick/.config/discord/0.0.107/modules/pending/discord_krisp-1.zip: 18%
8/31/2025, 12:01:47 PM PDT [Modules] Streaming discord_krisp@1 to /home/nick/.config/discord/0.0.107/modules/pending/discord_krisp-1.zip: 19%
8/31/2025, 12:01:47 PM PDT [Modules] Streaming discord_krisp@1 to /home/nick/.config/discord/0.0.107/modules/pending/discord_krisp-1.zip: 20%
8/31/2025, 12:01:47 PM PDT [Modules] Streaming discord_krisp@1 to /home/nick/.config/discord/0.0.107/modules/pending/discord_krisp-1.zip: 21%
8/31/2025, 12:01:47 PM PDT [Modules] Streaming discord_krisp@1 to /home/nick/.config/discord/0.0.107/modules/pending/discord_krisp-1.zip: 22%
8/31/2025, 12:01:47 PM PDT [Modules] Streaming discord_krisp@1 to /home/nick/.config/discord/0.0.107/modules/pending/discord_krisp-1.zip: 23%
8/31/2025, 12:01:47 PM PDT [Modules] Streaming discord_krisp@1 to /home/nick/.config/discord/0.0.107/modules/pending/discord_krisp-1.zip: 24%
8/31/2025, 12:01:47 PM PDT [Modules] Streaming discord_krisp@1 to /home/nick/.config/discord/0.0.107/modules/pending/discord_krisp-1.zip: 25%
8/31/2025, 12:01:47 PM PDT [Modules] Streaming discord_krisp@1 to /home/nick/.config/discord/0.0.107/modules/pending/discord_krisp-1.zip: 26%
8/31/2025, 12:01:47 PM PDT [Modules] Streaming discord_krisp@1 to /home/nick/.config/discord/0.0.107/modules/pending/discord_krisp-1.zip: 27%
8/31/2025, 12:01:47 PM PDT [Modules] Streaming discord_krisp@1 to /home/nick/.config/discord/0.0.107/modules/pending/discord_krisp-1.zip: 28%
8/31/2025, 12:01:47 PM PDT [Modules] Streaming discord_krisp@1 to /home/nick/.config/discord/0.0.107/modules/pending/discord_krisp-1.zip: 29%
8/31/2025, 12:01:47 PM PDT [Modules] Streaming discord_krisp@1 to /home/nick/.config/discord/0.0.107/modules/pending/discord_krisp-1.zip: 30%
8/31/2025, 12:01:47 PM PDT [Modules] Streaming discord_krisp@1 to /home/nick/.config/discord/0.0.107/modules/pending/discord_krisp-1.zip: 31%
8/31/2025, 12:01:47 PM PDT [Modules] Streaming discord_krisp@1 to /home/nick/.config/discord/0.0.107/modules/pending/discord_krisp-1.zip: 32%
8/31/2025, 12:01:47 PM PDT [Modules] Streaming discord_krisp@1 to /home/nick/.config/discord/0.0.107/modules/pending/discord_krisp-1.zip: 33%
8/31/2025, 12:01:47 PM PDT [Modules] Streaming discord_krisp@1 to /home/nick/.config/discord/0.0.107/modules/pending/discord_krisp-1.zip: 34%
8/31/2025, 12:01:47 PM PDT [Modules] Streaming discord_krisp@1 to /home/nick/.config/discord/0.0.107/modules/pending/discord_krisp-1.zip: 35%
8/31/2025, 12:01:47 PM PDT [Modules] Streaming discord_krisp@1 to /home/nick/.config/discord/0.0.107/modules/pending/discord_krisp-1.zip: 36%
8/31/2025, 12:01:47 PM PDT [Modules] Streaming discord_krisp@1 to /home/nick/.config/discord/0.0.107/modules/pending/discord_krisp-1.zip: 37%
8/31/2025, 12:01:47 PM PDT [Modules] Streaming discord_krisp@1 to /home/nick/.config/discord/0.0.107/modules/pending/discord_krisp-1.zip: 38%
8/31/2025, 12:01:47 PM PDT [Modules] Streaming discord_krisp@1 to /home/nick/.config/discord/0.0.107/modules/pending/discord_krisp-1.zip: 39%
8/31/2025, 12:01:48 PM PDT [Modules] Streaming discord_krisp@1 to /home/nick/.config/discord/0.0.107/modules/pending/discord_krisp-1.zip: 40%
8/31/2025, 12:01:48 PM PDT [Modules] Streaming discord_krisp@1 to /home/nick/.config/discord/0.0.107/modules/pending/discord_krisp-1.zip: 41%
8/31/2025, 12:01:48 PM PDT [Modules] Streaming discord_krisp@1 to /home/nick/.config/discord/0.0.107/modules/pending/discord_krisp-1.zip: 43%
8/31/2025, 12:01:48 PM PDT [Modules] Streaming discord_krisp@1 to /home/nick/.config/discord/0.0.107/modules/pending/discord_krisp-1.zip: 46%
8/31/2025, 12:01:48 PM PDT [Modules] Streaming discord_krisp@1 to /home/nick/.config/discord/0.0.107/modules/pending/discord_krisp-1.zip: 47%
8/31/2025, 12:01:48 PM PDT [Modules] Streaming discord_krisp@1 to /home/nick/.config/discord/0.0.107/modules/pending/discord_krisp-1.zip: 48%
8/31/2025, 12:01:48 PM PDT [Modules] Streaming discord_krisp@1 to /home/nick/.config/discord/0.0.107/modules/pending/discord_krisp-1.zip: 49%
8/31/2025, 12:01:48 PM PDT [Modules] Streaming discord_krisp@1 to /home/nick/.config/discord/0.0.107/modules/pending/discord_krisp-1.zip: 50%
8/31/2025, 12:01:48 PM PDT [Modules] Streaming discord_krisp@1 to /home/nick/.config/discord/0.0.107/modules/pending/discord_krisp-1.zip: 51%
8/31/2025, 12:01:48 PM PDT [Modules] Streaming discord_krisp@1 to /home/nick/.config/discord/0.0.107/modules/pending/discord_krisp-1.zip: 52%
8/31/2025, 12:01:48 PM PDT [Modules] Streaming discord_krisp@1 to /home/nick/.config/discord/0.0.107/modules/pending/discord_krisp-1.zip: 53%
8/31/2025, 12:01:48 PM PDT [Modules] Streaming discord_krisp@1 to /home/nick/.config/discord/0.0.107/modules/pending/discord_krisp-1.zip: 54%
8/31/2025, 12:01:48 PM PDT [Modules] Streaming discord_krisp@1 to /home/nick/.config/discord/0.0.107/modules/pending/discord_krisp-1.zip: 55%
8/31/2025, 12:01:48 PM PDT [Modules] Streaming discord_krisp@1 to /home/nick/.config/discord/0.0.107/modules/pending/discord_krisp-1.zip: 56%
8/31/2025, 12:01:48 PM PDT [Modules] Streaming discord_krisp@1 to /home/nick/.config/discord/0.0.107/modules/pending/discord_krisp-1.zip: 57%
8/31/2025, 12:01:48 PM PDT [Modules] Streaming discord_krisp@1 to /home/nick/.config/discord/0.0.107/modules/pending/discord_krisp-1.zip: 58%
8/31/2025, 12:01:48 PM PDT [Modules] Streaming discord_krisp@1 to /home/nick/.config/discord/0.0.107/modules/pending/discord_krisp-1.zip: 59%
8/31/2025, 12:01:49 PM PDT [Modules] Streaming discord_krisp@1 to /home/nick/.config/discord/0.0.107/modules/pending/discord_krisp-1.zip: 60%
8/31/2025, 12:01:49 PM PDT [Modules] Streaming discord_krisp@1 to /home/nick/.config/discord/0.0.107/modules/pending/discord_krisp-1.zip: 61%
8/31/2025, 12:01:49 PM PDT [Modules] Streaming discord_krisp@1 to /home/nick/.config/discord/0.0.107/modules/pending/discord_krisp-1.zip: 62%
8/31/2025, 12:01:49 PM PDT [Modules] Streaming discord_krisp@1 to /home/nick/.config/discord/0.0.107/modules/pending/discord_krisp-1.zip: 63%
8/31/2025, 12:01:49 PM PDT [Modules] Streaming discord_krisp@1 to /home/nick/.config/discord/0.0.107/modules/pending/discord_krisp-1.zip: 64%
8/31/2025, 12:01:49 PM PDT [Modules] Streaming discord_krisp@1 to /home/nick/.config/discord/0.0.107/modules/pending/discord_krisp-1.zip: 65%
8/31/2025, 12:01:49 PM PDT [Modules] Streaming discord_krisp@1 to /home/nick/.config/discord/0.0.107/modules/pending/discord_krisp-1.zip: 66%
8/31/2025, 12:01:49 PM PDT [Modules] Streaming discord_krisp@1 to /home/nick/.config/discord/0.0.107/modules/pending/discord_krisp-1.zip: 67%
8/31/2025, 12:01:49 PM PDT [Modules] Streaming discord_krisp@1 to /home/nick/.config/discord/0.0.107/modules/pending/discord_krisp-1.zip: 68%
8/31/2025, 12:01:49 PM PDT [Modules] Streaming discord_krisp@1 to /home/nick/.config/discord/0.0.107/modules/pending/discord_krisp-1.zip: 69%
8/31/2025, 12:01:49 PM PDT [Modules] Streaming discord_krisp@1 to /home/nick/.config/discord/0.0.107/modules/pending/discord_krisp-1.zip: 70%
8/31/2025, 12:01:49 PM PDT [Modules] Streaming discord_krisp@1 to /home/nick/.config/discord/0.0.107/modules/pending/discord_krisp-1.zip: 71%
8/31/2025, 12:01:49 PM PDT [Modules] Streaming discord_krisp@1 to /home/nick/.config/discord/0.0.107/modules/pending/discord_krisp-1.zip: 72%
8/31/2025, 12:01:49 PM PDT [Modules] Streaming discord_krisp@1 to /home/nick/.config/discord/0.0.107/modules/pending/discord_krisp-1.zip: 73%
8/31/2025, 12:01:49 PM PDT [Modules] Streaming discord_krisp@1 to /home/nick/.config/discord/0.0.107/modules/pending/discord_krisp-1.zip: 74%
8/31/2025, 12:01:49 PM PDT [Modules] Streaming discord_krisp@1 to /home/nick/.config/discord/0.0.107/modules/pending/discord_krisp-1.zip: 75%
8/31/2025, 12:01:49 PM PDT [Modules] Streaming discord_krisp@1 to /home/nick/.config/discord/0.0.107/modules/pending/discord_krisp-1.zip: 76%
8/31/2025, 12:01:49 PM PDT [Modules] Streaming discord_krisp@1 to /home/nick/.config/discord/0.0.107/modules/pending/discord_krisp-1.zip: 77%
8/31/2025, 12:01:49 PM PDT [Modules] Streaming discord_krisp@1 to /home/nick/.config/discord/0.0.107/modules/pending/discord_krisp-1.zip: 78%
8/31/2025, 12:01:49 PM PDT [Modules] Streaming discord_krisp@1 to /home/nick/.config/discord/0.0.107/modules/pending/discord_krisp-1.zip: 79%
8/31/2025, 12:01:49 PM PDT [Modules] Streaming discord_krisp@1 to /home/nick/.config/discord/0.0.107/modules/pending/discord_krisp-1.zip: 80%
8/31/2025, 12:01:49 PM PDT [Modules] Streaming discord_krisp@1 to /home/nick/.config/discord/0.0.107/modules/pending/discord_krisp-1.zip: 81%
8/31/2025, 12:01:49 PM PDT [Modules] Streaming discord_krisp@1 to /home/nick/.config/discord/0.0.107/modules/pending/discord_krisp-1.zip: 82%
8/31/2025, 12:01:49 PM PDT [Modules] Streaming discord_krisp@1 to /home/nick/.config/discord/0.0.107/modules/pending/discord_krisp-1.zip: 83%
8/31/2025, 12:01:49 PM PDT [Modules] Streaming discord_krisp@1 to /home/nick/.config/discord/0.0.107/modules/pending/discord_krisp-1.zip: 84%
8/31/2025, 12:01:49 PM PDT [Modules] Streaming discord_krisp@1 to /home/nick/.config/discord/0.0.107/modules/pending/discord_krisp-1.zip: 85%
8/31/2025, 12:01:49 PM PDT [Modules] Streaming discord_krisp@1 to /home/nick/.config/discord/0.0.107/modules/pending/discord_krisp-1.zip: 86%
8/31/2025, 12:01:49 PM PDT [Modules] Streaming discord_krisp@1 to /home/nick/.config/discord/0.0.107/modules/pending/discord_krisp-1.zip: 87%
8/31/2025, 12:01:49 PM PDT [Modules] Streaming discord_krisp@1 to /home/nick/.config/discord/0.0.107/modules/pending/discord_krisp-1.zip: 88%
8/31/2025, 12:01:50 PM PDT [Modules] Streaming discord_krisp@1 to /home/nick/.config/discord/0.0.107/modules/pending/discord_krisp-1.zip: 89%
8/31/2025, 12:01:50 PM PDT [Modules] Streaming discord_krisp@1 to /home/nick/.config/discord/0.0.107/modules/pending/discord_krisp-1.zip: 90%
8/31/2025, 12:01:50 PM PDT [Modules] Streaming discord_krisp@1 to /home/nick/.config/discord/0.0.107/modules/pending/discord_krisp-1.zip: 91%
8/31/2025, 12:01:50 PM PDT [Modules] Streaming discord_krisp@1 to /home/nick/.config/discord/0.0.107/modules/pending/discord_krisp-1.zip: 92%
8/31/2025, 12:01:50 PM PDT [Modules] Streaming discord_krisp@1 to /home/nick/.config/discord/0.0.107/modules/pending/discord_krisp-1.zip: 93%
8/31/2025, 12:01:50 PM PDT [Modules] Streaming discord_krisp@1 to /home/nick/.config/discord/0.0.107/modules/pending/discord_krisp-1.zip: 94%
8/31/2025, 12:01:50 PM PDT [Modules] Streaming discord_krisp@1 to /home/nick/.config/discord/0.0.107/modules/pending/discord_krisp-1.zip: 95%
8/31/2025, 12:01:50 PM PDT [Modules] Streaming discord_krisp@1 to /home/nick/.config/discord/0.0.107/modules/pending/discord_krisp-1.zip: 96%
8/31/2025, 12:01:50 PM PDT [Modules] Streaming discord_krisp@1 to /home/nick/.config/discord/0.0.107/modules/pending/discord_krisp-1.zip: 97%
8/31/2025, 12:01:50 PM PDT [Modules] Streaming discord_krisp@1 to /home/nick/.config/discord/0.0.107/modules/pending/discord_krisp-1.zip: 98%
8/31/2025, 12:01:50 PM PDT [Modules] Streaming discord_krisp@1 to /home/nick/.config/discord/0.0.107/modules/pending/discord_krisp-1.zip: 99%
8/31/2025, 12:01:50 PM PDT [Modules] Streaming discord_krisp@1 to /home/nick/.config/discord/0.0.107/modules/pending/discord_krisp-1.zip: 100%
8/31/2025, 12:01:50 PM PDT [Modules] Fetching discord_game_utils@1 from https://discord.com/api/modules/stable/discord_game_utils/1
8/31/2025, 12:01:50 PM PDT [Modules] Streaming discord_game_utils@1 to /home/nick/.config/discord/0.0.107/modules/pending/discord_game_utils-1.zip
8/31/2025, 12:01:50 PM PDT [Modules] Installing discord_krisp@1 from /home/nick/.config/discord/0.0.107/modules/pending/discord_krisp-1.zip
8/31/2025, 12:01:51 PM PDT [Modules] Streaming discord_game_utils@1 to /home/nick/.config/discord/0.0.107/modules/pending/discord_game_utils-1.zip: 1%
8/31/2025, 12:01:51 PM PDT [Modules] Streaming discord_game_utils@1 to /home/nick/.config/discord/0.0.107/modules/pending/discord_game_utils-1.zip: 4%
8/31/2025, 12:01:51 PM PDT [Modules] Streaming discord_game_utils@1 to /home/nick/.config/discord/0.0.107/modules/pending/discord_game_utils-1.zip: 8%
8/31/2025, 12:01:51 PM PDT [Modules] Streaming discord_game_utils@1 to /home/nick/.config/discord/0.0.107/modules/pending/discord_game_utils-1.zip: 11%
8/31/2025, 12:01:51 PM PDT [Modules] Streaming discord_game_utils@1 to /home/nick/.config/discord/0.0.107/modules/pending/discord_game_utils-1.zip: 19%
8/31/2025, 12:01:51 PM PDT [Modules] Streaming discord_game_utils@1 to /home/nick/.config/discord/0.0.107/modules/pending/discord_game_utils-1.zip: 23%
8/31/2025, 12:01:51 PM PDT [Modules] Streaming discord_game_utils@1 to /home/nick/.config/discord/0.0.107/modules/pending/discord_game_utils-1.zip: 27%
8/31/2025, 12:01:51 PM PDT [Modules] Streaming discord_game_utils@1 to /home/nick/.config/discord/0.0.107/modules/pending/discord_game_utils-1.zip: 31%
8/31/2025, 12:01:51 PM PDT [Modules] Streaming discord_game_utils@1 to /home/nick/.config/discord/0.0.107/modules/pending/discord_game_utils-1.zip: 35%
8/31/2025, 12:01:51 PM PDT [Modules] Streaming discord_game_utils@1 to /home/nick/.config/discord/0.0.107/modules/pending/discord_game_utils-1.zip: 39%
8/31/2025, 12:01:51 PM PDT [Modules] Streaming discord_game_utils@1 to /home/nick/.config/discord/0.0.107/modules/pending/discord_game_utils-1.zip: 46%
8/31/2025, 12:01:51 PM PDT [Modules] Streaming discord_game_utils@1 to /home/nick/.config/discord/0.0.107/modules/pending/discord_game_utils-1.zip: 54%
8/31/2025, 12:01:51 PM PDT [Modules] Streaming discord_game_utils@1 to /home/nick/.config/discord/0.0.107/modules/pending/discord_game_utils-1.zip: 58%
8/31/2025, 12:01:51 PM PDT [Modules] Streaming discord_game_utils@1 to /home/nick/.config/discord/0.0.107/modules/pending/discord_game_utils-1.zip: 61%
8/31/2025, 12:01:51 PM PDT [Modules] Streaming discord_game_utils@1 to /home/nick/.config/discord/0.0.107/modules/pending/discord_game_utils-1.zip: 65%
8/31/2025, 12:01:51 PM PDT [Modules] Streaming discord_game_utils@1 to /home/nick/.config/discord/0.0.107/modules/pending/discord_game_utils-1.zip: 69%
8/31/2025, 12:01:51 PM PDT [Modules] Streaming discord_game_utils@1 to /home/nick/.config/discord/0.0.107/modules/pending/discord_game_utils-1.zip: 73%
8/31/2025, 12:01:51 PM PDT [Modules] Streaming discord_game_utils@1 to /home/nick/.config/discord/0.0.107/modules/pending/discord_game_utils-1.zip: 81%
8/31/2025, 12:01:51 PM PDT [Modules] Streaming discord_game_utils@1 to /home/nick/.config/discord/0.0.107/modules/pending/discord_game_utils-1.zip: 88%
8/31/2025, 12:01:51 PM PDT [Modules] Streaming discord_game_utils@1 to /home/nick/.config/discord/0.0.107/modules/pending/discord_game_utils-1.zip: 92%
8/31/2025, 12:01:51 PM PDT [Modules] Streaming discord_game_utils@1 to /home/nick/.config/discord/0.0.107/modules/pending/discord_game_utils-1.zip: 96%
8/31/2025, 12:01:51 PM PDT [Modules] Streaming discord_game_utils@1 to /home/nick/.config/discord/0.0.107/modules/pending/discord_game_utils-1.zip: 100%
8/31/2025, 12:01:51 PM PDT [Modules] Finished module downloads. [success: 2] [failure: 0]
8/31/2025, 12:01:52 PM PDT [Modules] Starting to install discord_rpc...
8/31/2025, 12:01:52 PM PDT [Modules] Fetching discord_rpc@1 from https://discord.com/api/modules/stable/discord_rpc/1
8/31/2025, 12:01:52 PM PDT [Modules] Streaming discord_rpc@1 to /home/nick/.config/discord/0.0.107/modules/pending/discord_rpc-1.zip
8/31/2025, 12:01:52 PM PDT [Modules] Streaming discord_rpc@1 to /home/nick/.config/discord/0.0.107/modules/pending/discord_rpc-1.zip: 100%
8/31/2025, 12:01:52 PM PDT [Modules] Finished module downloads. [success: 1] [failure: 0]
8/31/2025, 12:01:56 PM PDT [Modules] Installing discord_game_utils@1 from /home/nick/.config/discord/0.0.107/modules/pending/discord_game_utils-1.zip
8/31/2025, 12:01:57 PM PDT [Modules] Installing discord_rpc@1 from /home/nick/.config/discord/0.0.107/modules/pending/discord_rpc-1.zip
8/31/2025, 12:01:57 PM PDT [Modules] Finished module installations. [success: 3] [failure: 0]
8/31/2025, 12:02:17 PM PDT [Modules] Checking for host updates.
8/31/2025, 12:02:17 PM PDT [Modules] Host is up to date.
8/31/2025, 12:02:17 PM PDT [Modules] Checking for module updates at https://discord.com/api/modules/stable/versions.json
8/31/2025, 12:02:17 PM PDT [Modules] No module updates available.
8/31/2025, 12:52:08 PM PDT [Modules] Modules initializing
8/31/2025, 12:52:08 PM PDT [Modules] Distribution: remote
8/31/2025, 12:52:08 PM PDT [Modules] Host updates: enabled
8/31/2025, 12:52:08 PM PDT [Modules] Module updates: enabled
8/31/2025, 12:52:08 PM PDT [Modules] Module install path: /home/nick/.config/discord/0.0.107/modules
8/31/2025, 12:52:08 PM PDT [Modules] Module installed file path: /home/nick/.config/discord/0.0.107/modules/installed.json
8/31/2025, 12:52:08 PM PDT [Modules] Module download path: /home/nick/.config/discord/0.0.107/modules/pending
8/31/2025, 12:52:09 PM PDT [Modules] No updates to install
8/31/2025, 12:52:09 PM PDT [Modules] Checking for host updates.
8/31/2025, 12:52:09 PM PDT [Modules] Host is up to date.
8/31/2025, 12:52:09 PM PDT [Modules] Checking for module updates at https://discord.com/api/modules/stable/versions.json
8/31/2025, 12:52:09 PM PDT [Modules] No module updates available.
8/31/2025, 1:01:38 PM PDT [Modules] Modules initializing
8/31/2025, 1:01:38 PM PDT [Modules] Distribution: remote
8/31/2025, 1:01:38 PM PDT [Modules] Host updates: enabled
8/31/2025, 1:01:38 PM PDT [Modules] Module updates: enabled
8/31/2025, 1:01:38 PM PDT [Modules] Module install path: /home/nick/.config/discord/0.0.107/modules
8/31/2025, 1:01:38 PM PDT [Modules] Module installed file path: /home/nick/.config/discord/0.0.107/modules/installed.json
8/31/2025, 1:01:38 PM PDT [Modules] Module download path: /home/nick/.config/discord/0.0.107/modules/pending
8/31/2025, 1:01:39 PM PDT [Modules] No updates to install
8/31/2025, 1:01:39 PM PDT [Modules] Checking for host updates.
8/31/2025, 1:01:39 PM PDT [Modules] Host is up to date.
8/31/2025, 1:01:39 PM PDT [Modules] Checking for module updates at https://discord.com/api/modules/stable/versions.json
8/31/2025, 1:01:39 PM PDT [Modules] No module updates available.
8/31/2025, 1:01:54 PM PDT [Modules] Checking for host updates.
8/31/2025, 1:01:54 PM PDT [Modules] Host is up to date.
8/31/2025, 1:01:54 PM PDT [Modules] Checking for module updates at https://discord.com/api/modules/stable/versions.json
8/31/2025, 1:01:54 PM PDT [Modules] No module updates available.
8/31/2025, 1:28:22 PM PDT [Modules] Modules initializing
8/31/2025, 1:28:22 PM PDT [Modules] Distribution: remote
8/31/2025, 1:28:22 PM PDT [Modules] Host updates: enabled
8/31/2025, 1:28:22 PM PDT [Modules] Module updates: enabled
8/31/2025, 1:28:22 PM PDT [Modules] Module install path: /home/nick/.config/discord/0.0.107/modules
8/31/2025, 1:28:22 PM PDT [Modules] Module installed file path: /home/nick/.config/discord/0.0.107/modules/installed.json
8/31/2025, 1:28:22 PM PDT [Modules] Module download path: /home/nick/.config/discord/0.0.107/modules/pending
8/31/2025, 1:28:23 PM PDT [Modules] No updates to install
8/31/2025, 1:28:23 PM PDT [Modules] Checking for host updates.
8/31/2025, 1:28:23 PM PDT [Modules] Host is up to date.
8/31/2025, 1:28:23 PM PDT [Modules] Checking for module updates at https://discord.com/api/modules/stable/versions.json
8/31/2025, 1:28:23 PM PDT [Modules] No module updates available.
8/31/2025, 1:28:38 PM PDT [Modules] Checking for host updates.
8/31/2025, 1:28:38 PM PDT [Modules] Host is up to date.
8/31/2025, 1:28:38 PM PDT [Modules] Checking for module updates at https://discord.com/api/modules/stable/versions.json
8/31/2025, 1:28:38 PM PDT [Modules] No module updates available.
8/31/2025, 1:29:51 PM PDT [Modules] Modules initializing
8/31/2025, 1:29:51 PM PDT [Modules] Distribution: remote
8/31/2025, 1:29:51 PM PDT [Modules] Host updates: enabled
8/31/2025, 1:29:51 PM PDT [Modules] Module updates: enabled
8/31/2025, 1:29:51 PM PDT [Modules] Module install path: /home/nick/.config/discord/0.0.107/modules
8/31/2025, 1:29:51 PM PDT [Modules] Module installed file path: /home/nick/.config/discord/0.0.107/modules/installed.json
8/31/2025, 1:29:51 PM PDT [Modules] Module download path: /home/nick/.config/discord/0.0.107/modules/pending
8/31/2025, 1:29:52 PM PDT [Modules] No updates to install
8/31/2025, 1:29:52 PM PDT [Modules] Checking for host updates.
8/31/2025, 1:29:52 PM PDT [Modules] Host is up to date.
8/31/2025, 1:29:52 PM PDT [Modules] Checking for module updates at https://discord.com/api/modules/stable/versions.json
8/31/2025, 1:29:52 PM PDT [Modules] No module updates available.
8/31/2025, 1:30:15 PM PDT [Modules] Checking for host updates.
8/31/2025, 1:30:16 PM PDT [Modules] Host is up to date.
8/31/2025, 1:30:16 PM PDT [Modules] Checking for module updates at https://discord.com/api/modules/stable/versions.json
8/31/2025, 1:30:16 PM PDT [Modules] No module updates available.
8/31/2025, 1:52:20 PM PDT [Modules] Modules initializing
8/31/2025, 1:52:20 PM PDT [Modules] Distribution: remote
8/31/2025, 1:52:20 PM PDT [Modules] Host updates: enabled
8/31/2025, 1:52:20 PM PDT [Modules] Module updates: enabled
8/31/2025, 1:52:20 PM PDT [Modules] Module install path: /home/nick/.config/discord/0.0.107/modules
8/31/2025, 1:52:20 PM PDT [Modules] Module installed file path: /home/nick/.config/discord/0.0.107/modules/installed.json
8/31/2025, 1:52:20 PM PDT [Modules] Module download path: /home/nick/.config/discord/0.0.107/modules/pending
8/31/2025, 1:52:20 PM PDT [Modules] No updates to install
8/31/2025, 1:52:20 PM PDT [Modules] Checking for host updates.
8/31/2025, 1:52:21 PM PDT [Modules] Host is up to date.
8/31/2025, 1:52:21 PM PDT [Modules] Checking for module updates at https://discord.com/api/modules/stable/versions.json
8/31/2025, 1:52:21 PM PDT [Modules] No module updates available.
8/31/2025, 1:52:32 PM PDT [Modules] Checking for host updates.
8/31/2025, 1:52:33 PM PDT [Modules] Host is up to date.
8/31/2025, 1:52:33 PM PDT [Modules] Checking for module updates at https://discord.com/api/modules/stable/versions.json
8/31/2025, 1:52:33 PM PDT [Modules] No module updates available.
